0 info it worked if it ends with ok
1 verbose cli [ 'C:\\Program Files\\nodejs\\node.exe',
1 verbose cli   'C:\\Program Files\\nodejs\\node_modules\\npm\\bin\\npm-cli.js',
1 verbose cli   'run',
1 verbose cli   'kek' ]
2 info using npm@3.6.0
3 info using node@v5.7.0
4 verbose run-script [ 'prekek', 'kek', 'postkek' ]
5 info lifecycle teropareact@1.0.0~prekek: teropareact@1.0.0
6 silly lifecycle teropareact@1.0.0~prekek: no script for prekek, continuing
7 info lifecycle teropareact@1.0.0~kek: teropareact@1.0.0
8 verbose lifecycle teropareact@1.0.0~kek: unsafe-perm in lifecycle true
9 verbose lifecycle teropareact@1.0.0~kek: PATH: C:\Program Files\nodejs\node_modules\npm\bin\node-gyp-bin;E:\Projects\Practice\TeropaReact\server\node_modules\.bin;C:\ProgramData\Oracle\Java\javapath;C:\Windows\system32;C:\Windows;C:\Windows\System32\Wbem;C:\Windows\System32\WindowsPowerShell\v1.0\;C:\Program Files (x86)\NVIDIA Corporation\PhysX\Common;C:\Program Files (x86)\Skype\Phone\;C:\Program Files\Git\cmd;C:\Program Files\nodejs\;C:\Users\Home\AppData\Local\atom\bin;C:\Users\Home\AppData\Roaming\npm
10 verbose lifecycle teropareact@1.0.0~kek: CWD: E:\Projects\Practice\TeropaReact\server
11 silly lifecycle teropareact@1.0.0~kek: Args: [ '/d /s /c', 'babel-node index.js' ]
12 silly lifecycle teropareact@1.0.0~kek: Returned: code: 1  signal: null
13 info lifecycle teropareact@1.0.0~kek: Failed to exec kek script
14 verbose stack Error: teropareact@1.0.0 kek: `babel-node index.js`
14 verbose stack Exit status 1
14 verbose stack     at EventEmitter.<anonymous> (C:\Program Files\nodejs\node_modules\npm\lib\utils\lifecycle.js:232:16)
14 verbose stack     at emitTwo (events.js:100:13)
14 verbose stack     at EventEmitter.emit (events.js:185:7)
14 verbose stack     at ChildProcess.<anonymous> (C:\Program Files\nodejs\node_modules\npm\lib\utils\spawn.js:24:14)
14 verbose stack     at emitTwo (events.js:100:13)
14 verbose stack     at ChildProcess.emit (events.js:185:7)
14 verbose stack     at maybeClose (internal/child_process.js:827:16)
14 verbose stack     at Process.ChildProcess._handle.onexit (internal/child_process.js:211:5)
15 verbose pkgid teropareact@1.0.0
16 verbose cwd E:\Projects\Practice\TeropaReact\server
17 error Windows_NT 6.1.7600
18 error argv "C:\\Program Files\\nodejs\\node.exe" "C:\\Program Files\\nodejs\\node_modules\\npm\\bin\\npm-cli.js" "run" "kek"
19 error node v5.7.0
20 error npm  v3.6.0
21 error code ELIFECYCLE
22 error teropareact@1.0.0 kek: `babel-node index.js`
22 error Exit status 1
23 error Failed at the teropareact@1.0.0 kek script 'babel-node index.js'.
23 error Make sure you have the latest version of node.js and npm installed.
23 error If you do, this is most likely a problem with the teropareact package,
23 error not with npm itself.
23 error Tell the author that this fails on your system:
23 error     babel-node index.js
23 error You can get information on how to open an issue for this project with:
23 error     npm bugs teropareact
23 error Or if that isn't available, you can get their info via:
23 error     npm owner ls teropareact
23 error There is likely additional logging output above.
24 verbose exit [ 1, true ]
